Using pre-set license
Built from '2021.3/staging' branch; Version is '2021.3.4f1 (cb45f9cae8b7) revision 13321721'; Using compiler version '192829333'; Build Type 'Release'
OS: 'Windows 10  (10.0.19044) 64bit Professional' Language: 'en' Physical Memory: 8075 MB
BatchMode: 1, IsHumanControllingUs: 0, StartBugReporterOnCrash: 0, Is64bit: 1, IsPro: 1

COMMAND LINE ARGUMENTS:
C:\Program Files\Unity\Hub\Editor\2021.3.4f1\Editor\Unity.exe
-adb2
-batchMode
-noUpm
-name
AssetImportWorker6
-projectPath
C:/Users/Admin/cmon/PinguTopia
-logFile
Logs/AssetImportWorker6.log
-srvPort
58694
Successfully changed project path to: C:/Users/Admin/cmon/PinguTopia
C:/Users/Admin/cmon/PinguTopia
[UnityMemory] Configuration Parameters - Can be set up in boot.config
    "memorysetup-bucket-allocator-granularity=16"
    "memorysetup-bucket-allocator-bucket-count=8"
    "memorysetup-bucket-allocator-block-size=33554432"
    "memorysetup-bucket-allocator-block-count=8"
    "memorysetup-main-allocator-block-size=16777216"
    "memorysetup-thread-allocator-block-size=16777216"
    "memorysetup-gfx-main-allocator-block-size=16777216"
    "memorysetup-gfx-thread-allocator-block-size=16777216"
    "memorysetup-cache-allocator-block-size=4194304"
    "memorysetup-typetree-allocator-block-size=2097152"
    "memorysetup-profiler-bucket-allocator-granularity=16"
    "memorysetup-profiler-bucket-allocator-bucket-count=8"
    "memorysetup-profiler-bucket-allocator-block-size=33554432"
    "memorysetup-profiler-bucket-allocator-block-count=8"
    "memorysetup-profiler-allocator-block-size=16777216"
    "memorysetup-profiler-editor-allocator-block-size=1048576"
    "memorysetup-temp-allocator-size-main=16777216"
    "memorysetup-job-temp-allocator-block-size=2097152"
    "memorysetup-job-temp-allocator-block-size-background=1048576"
    "memorysetup-job-temp-allocator-reduction-small-platforms=262144"
    "memorysetup-temp-allocator-size-background-worker=32768"
    "memorysetup-temp-allocator-size-job-worker=262144"
    "memorysetup-temp-allocator-size-preload-manager=33554432"
    "memorysetup-temp-allocator-size-nav-mesh-worker=65536"
    "memorysetup-temp-allocator-size-audio-worker=65536"
    "memorysetup-temp-allocator-size-cloud-worker=32768"
    "memorysetup-temp-allocator-size-gi-baking-worker=262144"
    "memorysetup-temp-allocator-size-gfx=262144"
Refreshing native plugins compatible for Editor in 1177.51 ms, found 4 plugins.
Preloading 0 native plugins for Editor in 0.00 ms.
Initialize engine version: 2021.3.4f1 (cb45f9cae8b7)
[Subsystems] Discovering subsystems at path C:/Program Files/Unity/Hub/Editor/2021.3.4f1/Editor/Data/Resources/UnitySubsystems
[Subsystems] Discovering subsystems at path C:/Users/Admin/cmon/PinguTopia/Assets
GfxDevice: creating device client; threaded=0; jobified=0
Direct3D:
    Version:  Direct3D 11.0 [level 11.1]
    Renderer: Intel(R) HD Graphics 520 (ID=0x1916)
    Vendor:   Intel
    VRAM:     4037 MB
    Driver:   30.0.101.1338
Initialize mono
Mono path[0] = 'C:/Program Files/Unity/Hub/Editor/2021.3.4f1/Editor/Data/Managed'
Mono path[1] = 'C:/Program Files/Unity/Hub/Editor/2021.3.4f1/Editor/Data/MonoBleedingEdge/lib/mono/unityjit-win32'
Mono config path = 'C:/Program Files/Unity/Hub/Editor/2021.3.4f1/Editor/Data/MonoBleedingEdge/etc'
Using monoOptions --debugger-agent=transport=dt_socket,embedding=1,server=y,suspend=n,address=127.0.0.1:56808
Begin MonoManager ReloadAssembly
Registering precompiled unity dll's ...
Register platform support module: C:/Program Files/Unity/Hub/Editor/2021.3.4f1/Editor/Data/PlaybackEngines/AndroidPlayer/UnityEditor.Android.Extensions.dll
Register platform support module: C:/Program Files/Unity/Hub/Editor/2021.3.4f1/Editor/Data/PlaybackEngines/WindowsStandaloneSupport/UnityEditor.WindowsStandalone.Extensions.dll
Registered in 0.040241 seconds.
Native extension for WindowsStandalone target not found
Native extension for Android target not found
Refreshing native plugins compatible for Editor in 218.07 ms, found 4 plugins.
Preloading 0 native plugins for Editor in 0.00 ms.
Mono: successfully reloaded assembly
- Completed reload, in  2.470 seconds
Domain Reload Profiling:
	ReloadAssembly (2472ms)
		BeginReloadAssembly (450ms)
			ExecutionOrderSort (0ms)
			DisableScriptedObjects (0ms)
			BackupInstance (0ms)
			ReleaseScriptingObjects (0ms)
			CreateAndSetChildDomain (3ms)
		EndReloadAssembly (1499ms)
			LoadAssemblies (442ms)
			RebuildTransferFunctionScriptingTraits (1ms)
			SetupTypeCache (613ms)
			ReleaseScriptCaches (0ms)
			RebuildScriptCaches (56ms)
			SetupLoadedEditorAssemblies (652ms)
				LogAssemblyErrors (0ms)
				InitializePlatformSupportModulesInManaged (125ms)
				SetLoadedEditorAssemblies (0ms)
				RefreshPlugins (218ms)
				BeforeProcessingInitializeOnLoad (9ms)
				ProcessInitializeOnLoadAttributes (209ms)
				ProcessInitializeOnLoadMethodAttributes (91ms)
				AfterProcessingInitializeOnLoad (0ms)
				EditorAssembliesLoaded (0ms)
			ExecutionOrderSort2 (0ms)
			AwakeInstancesAfterBackupRestoration (0ms)
Platform modules already initialized, skipping
Registering precompiled user dll's ...
Registered in 0.012850 seconds.
Android Extension - Scanning For ADB Devices 2769 ms
Begin MonoManager ReloadAssembly
Symbol file LoadedFromMemory doesn't match image C:\Users\Admin\cmon\PinguTopia\Library\PackageCache\com.unity.visualscripting@1.7.8\Editor\VisualScripting.Core\Dependencies\YamlDotNet\Unity.VisualScripting.YamlDotNet.dll
Symbol file LoadedFromMemory doesn't match image C:\Users\Admin\cmon\PinguTopia\Library\PackageCache\com.unity.visualscripting@1.7.8\Editor\VisualScripting.Core\Dependencies\DotNetZip\Unity.VisualScripting.IonicZip.dll
Native extension for WindowsStandalone target not found
Native extension for Android target not found
Refreshing native plugins compatible for Editor in 224.17 ms, found 4 plugins.
Preloading 0 native plugins for Editor in 0.00 ms.
Mono: successfully reloaded assembly
- Completed reload, in  3.305 seconds
Domain Reload Profiling:
	ReloadAssembly (3307ms)
		BeginReloadAssembly (510ms)
			ExecutionOrderSort (0ms)
			DisableScriptedObjects (27ms)
			BackupInstance (0ms)
			ReleaseScriptingObjects (1ms)
			CreateAndSetChildDomain (68ms)
		EndReloadAssembly (2288ms)
			LoadAssemblies (510ms)
			RebuildTransferFunctionScriptingTraits (0ms)
			SetupTypeCache (530ms)
			ReleaseScriptCaches (1ms)
			RebuildScriptCaches (155ms)
			SetupLoadedEditorAssemblies (1109ms)
				LogAssemblyErrors (0ms)
				InitializePlatformSupportModulesInManaged (32ms)
				SetLoadedEditorAssemblies (0ms)
				RefreshPlugins (224ms)
				BeforeProcessingInitializeOnLoad (216ms)
				ProcessInitializeOnLoadAttributes (519ms)
				ProcessInitializeOnLoadMethodAttributes (104ms)
				AfterProcessingInitializeOnLoad (13ms)
				EditorAssembliesLoaded (0ms)
			ExecutionOrderSort2 (0ms)
			AwakeInstancesAfterBackupRestoration (13ms)
Platform modules already initialized, skipping
========================================================================
Worker process is ready to serve import requests
Launched and connected shader compiler UnityShaderCompiler.exe after 0.68 seconds
Refreshing native plugins compatible for Editor in 1.71 ms, found 4 plugins.
Preloading 0 native plugins for Editor in 0.00 ms.
Unloading 4059 Unused Serialized files (Serialized files now loaded: 0)
Unloading 37 unused Assets / (30.2 KB). Loaded Objects now: 4541.
Memory consumption went from 170.5 MB to 170.4 MB.
Total: 28.052600 ms (FindLiveObjects: 1.190600 ms CreateObjectMapping: 0.570300 ms MarkObjects: 26.133700 ms  DeleteObjects: 0.154200 ms)

AssetImportParameters requested are different than current active one (requested -> active):
  custom:video-decoder-ogg-theora: a1e56fd34408186e4bbccfd4996cb3dc -> 
  custom:container-muxer-webm: aa71ff27fc2769a1b78a27578f13a17b -> 
  custom:container-demuxer-webm: 4f35f7cbe854078d1ac9338744f61a02 -> 
  custom:video-encoder-webm-vp8: eb34c28f22e8b96e1ab97ce403110664 -> 
  custom:video-codec-MediaFoundation-h265: 746d11721c4dcdbdad8f713fa42b33f4 -> 
  custom:audio-encoder-webm-vorbis: bf7c407c2cedff20999df2af8eb42d56 -> 
  custom:framework-win-MediaFoundation: 216162199b28c13a410421893ffa2e32 -> 
  custom:container-demuxer-ogg: 62fdf1f143b41e24485cea50d1cbac27 -> 
  custom:video-decoder-webm-vp8: 9c59270c3fd7afecdb556c50c9e8de78 -> 
  custom:audio-decoder-ogg-vorbis: bf7c407c2cedff20999df2af8eb42d56 -> 
========================================================================
Received Import Request.
  Time since last request: 71332.831916 seconds.
  path: Assets/Tiles/Landscape/Capture_75.asset
  artifactKey: Guid(05c5760018ea8ff4cad96f371e93511b) Importer(815301076,1909f56bfc062723c751e8b465ee728b)
Start importing Assets/Tiles/Landscape/Capture_75.asset using Guid(05c5760018ea8ff4cad96f371e93511b) Importer(815301076,1909f56bfc062723c751e8b465ee728b)  -> (artifact id: 'ea6bb4bacfed82e80e44229ec9337810') in 0.886467 seconds 
========================================================================
Received Import Request.
  Time since last request: 0.000434 seconds.
  path: Assets/Tiles/Landscape/Capture_86.asset
  artifactKey: Guid(e9337c9fd88663a409690d5550160c49) Importer(815301076,1909f56bfc062723c751e8b465ee728b)
Start importing Assets/Tiles/Landscape/Capture_86.asset using Guid(e9337c9fd88663a409690d5550160c49) Importer(815301076,1909f56bfc062723c751e8b465ee728b)  -> (artifact id: 'd0ab83b085f29ef900c6fba32f437f01') in 0.120858 seconds 
========================================================================
Received Import Request.
  Time since last request: 0.000054 seconds.
  path: Assets/Tiles/Landscape/Capture_70.asset
  artifactKey: Guid(315a0cfa25400da44a3fbf360d863468) Importer(815301076,1909f56bfc062723c751e8b465ee728b)
Start importing Assets/Tiles/Landscape/Capture_70.asset using Guid(315a0cfa25400da44a3fbf360d863468) Importer(815301076,1909f56bfc062723c751e8b465ee728b)  -> (artifact id: 'fc20e7d41deba68ee8ed4ed7e4408c34') in 0.152316 seconds 
========================================================================
Received Import Request.
  Time since last request: 0.000068 seconds.
  path: Assets/Tiles/Landscape/Capture_79.asset
  artifactKey: Guid(3552b572982a5644c93737cede7b7715) Importer(815301076,1909f56bfc062723c751e8b465ee728b)
Start importing Assets/Tiles/Landscape/Capture_79.asset using Guid(3552b572982a5644c93737cede7b7715) Importer(815301076,1909f56bfc062723c751e8b465ee728b)  -> (artifact id: '27c5b900d5d597a1d8af8ff9c1e1b410') in 0.597861 seconds 
========================================================================
Received Import Request.
  Time since last request: 0.000058 seconds.
  path: Assets/Tiles/Landscape/Capture_76.asset
  artifactKey: Guid(55af605b74440584490e6931b2586c29) Importer(815301076,1909f56bfc062723c751e8b465ee728b)
Start importing Assets/Tiles/Landscape/Capture_76.asset using Guid(55af605b74440584490e6931b2586c29) Importer(815301076,1909f56bfc062723c751e8b465ee728b)  -> (artifact id: 'dbddf257f782df52489db34ba103d56f') in 0.184676 seconds 
========================================================================
Received Import Request.
  Time since last request: 0.000665 seconds.
  path: Assets/Tiles/Landscape/Capture_68.asset
  artifactKey: Guid(0f70ea801fca846499492a2ba3dafb6c) Importer(815301076,1909f56bfc062723c751e8b465ee728b)
Start importing Assets/Tiles/Landscape/Capture_68.asset using Guid(0f70ea801fca846499492a2ba3dafb6c) Importer(815301076,1909f56bfc062723c751e8b465ee728b)  -> (artifact id: 'fbe468e87104b3264e54b1f27cad5280') in 0.254638 seconds 
========================================================================
Received Import Request.
  Time since last request: 0.000443 seconds.
  path: Assets/Tiles/Landscape/Capture_66.asset
  artifactKey: Guid(fe3d3a9f7cb95b54b86124cfb7af8f3d) Importer(815301076,1909f56bfc062723c751e8b465ee728b)
Start importing Assets/Tiles/Landscape/Capture_66.asset using Guid(fe3d3a9f7cb95b54b86124cfb7af8f3d) Importer(815301076,1909f56bfc062723c751e8b465ee728b)  -> (artifact id: 'cc2cb4d18d599f4e91cd0564a73f85c1') in 0.064144 seconds 
========================================================================
Received Import Request.
  Time since last request: 0.000346 seconds.
  path: Assets/Tiles/Landscape/Capture_80.asset
  artifactKey: Guid(c6497b3c6dd7a654d83a8e88bf959431) Importer(815301076,1909f56bfc062723c751e8b465ee728b)
Start importing Assets/Tiles/Landscape/Capture_80.asset using Guid(c6497b3c6dd7a654d83a8e88bf959431) Importer(815301076,1909f56bfc062723c751e8b465ee728b)  -> (artifact id: 'e741c7f99bbbc4b0a6e8d03ac0670316') in 0.076011 seconds 
========================================================================
Received Import Request.
  Time since last request: 0.000035 seconds.
  path: Assets/Tiles/Landscape/Capture_71.asset
  artifactKey: Guid(fb67e6804360352499d06cc2510a008c) Importer(815301076,1909f56bfc062723c751e8b465ee728b)
Start importing Assets/Tiles/Landscape/Capture_71.asset using Guid(fb67e6804360352499d06cc2510a008c) Importer(815301076,1909f56bfc062723c751e8b465ee728b)  -> (artifact id: 'bcc534e486f749106cee521bdb468baf') in 0.133802 seconds 
========================================================================
Received Import Request.
  Time since last request: 0.026423 seconds.
  path: Assets/Tiles/Landscape/Capture_67.asset
  artifactKey: Guid(b56594d268451e54dab26be809ca94fa) Importer(815301076,1909f56bfc062723c751e8b465ee728b)
Start importing Assets/Tiles/Landscape/Capture_67.asset using Guid(b56594d268451e54dab26be809ca94fa) Importer(815301076,1909f56bfc062723c751e8b465ee728b)  -> (artifact id: '93c8257280b01679b665737563cbcafd') in 0.122199 seconds 
========================================================================
Received Import Request.
  Time since last request: 0.000039 seconds.
  path: Assets/Tiles/Landscape/Capture_82.asset
  artifactKey: Guid(aed15ef0469c50e4dbf67462d7ed060e) Importer(815301076,1909f56bfc062723c751e8b465ee728b)
Start importing Assets/Tiles/Landscape/Capture_82.asset using Guid(aed15ef0469c50e4dbf67462d7ed060e) Importer(815301076,1909f56bfc062723c751e8b465ee728b)  -> (artifact id: '60a2e48207f0ba466ec6fa85f17b346c') in 0.116426 seconds 
========================================================================
Received Import Request.
  Time since last request: 0.000055 seconds.
  path: Assets/Tiles/Landscape/Capture_73.asset
  artifactKey: Guid(4c6e3850bb3c6454496b135d905d2aaf) Importer(815301076,1909f56bfc062723c751e8b465ee728b)
Start importing Assets/Tiles/Landscape/Capture_73.asset using Guid(4c6e3850bb3c6454496b135d905d2aaf) Importer(815301076,1909f56bfc062723c751e8b465ee728b)  -> (artifact id: 'cc68783651d6a47662d4427e83c5d392') in 0.084493 seconds 
========================================================================
Received Import Request.
  Time since last request: 0.000046 seconds.
  path: Assets/Tiles/Landscape/Capture_74.asset
  artifactKey: Guid(9af7e4ac2ab39844d95580d6b379a90b) Importer(815301076,1909f56bfc062723c751e8b465ee728b)
Start importing Assets/Tiles/Landscape/Capture_74.asset using Guid(9af7e4ac2ab39844d95580d6b379a90b) Importer(815301076,1909f56bfc062723c751e8b465ee728b)  -> (artifact id: '387b17a3b24031780e04d4bf0a0649c4') in 0.085885 seconds 
========================================================================
Received Import Request.
  Time since last request: 0.000046 seconds.
  path: Assets/Tiles/Landscape/Capture_81.asset
  artifactKey: Guid(876be05af9d82964bb6db0ece6c7cf45) Importer(815301076,1909f56bfc062723c751e8b465ee728b)
Start importing Assets/Tiles/Landscape/Capture_81.asset using Guid(876be05af9d82964bb6db0ece6c7cf45) Importer(815301076,1909f56bfc062723c751e8b465ee728b)  -> (artifact id: 'b380c68f1b8375eb190ec9609d71a8fa') in 0.128802 seconds 
========================================================================
Received Import Request.
  Time since last request: 0.000723 seconds.
  path: Assets/Tiles/Landscape/Capture_84.asset
  artifactKey: Guid(72f33f2c8bba72046b7270d04b631808) Importer(815301076,1909f56bfc062723c751e8b465ee728b)
Start importing Assets/Tiles/Landscape/Capture_84.asset using Guid(72f33f2c8bba72046b7270d04b631808) Importer(815301076,1909f56bfc062723c751e8b465ee728b)  -> (artifact id: 'e013c607fad95c5c63a51138616e501e') in 0.118903 seconds 
========================================================================
Received Import Request.
  Time since last request: 0.000065 seconds.
  path: Assets/Tiles/Landscape/Capture_87.asset
  artifactKey: Guid(dc8e938e9080ee04cb57159dfd6a42a6) Importer(815301076,1909f56bfc062723c751e8b465ee728b)
Start importing Assets/Tiles/Landscape/Capture_87.asset using Guid(dc8e938e9080ee04cb57159dfd6a42a6) Importer(815301076,1909f56bfc062723c751e8b465ee728b)  -> (artifact id: 'a304186bf213df3b48ad4947f5d49006') in 0.183328 seconds 
========================================================================
Received Import Request.
  Time since last request: 0.000051 seconds.
  path: Assets/Tiles/Landscape/Capture_83.asset
  artifactKey: Guid(c5779107a40af55459d85f0f1d7d7a13) Importer(815301076,1909f56bfc062723c751e8b465ee728b)
Start importing Assets/Tiles/Landscape/Capture_83.asset using Guid(c5779107a40af55459d85f0f1d7d7a13) Importer(815301076,1909f56bfc062723c751e8b465ee728b)  -> (artifact id: '13cdd06fc327a8e0b682af2aabc16cdc') in 0.147266 seconds 
========================================================================
Received Import Request.
  Time since last request: 0.000035 seconds.
  path: Assets/Tiles/Landscape/Capture_77.asset
  artifactKey: Guid(d16d41813f9fdd64faaca5ad518e29fc) Importer(815301076,1909f56bfc062723c751e8b465ee728b)
Start importing Assets/Tiles/Landscape/Capture_77.asset using Guid(d16d41813f9fdd64faaca5ad518e29fc) Importer(815301076,1909f56bfc062723c751e8b465ee728b)  -> (artifact id: '0c3a4c187ba3653a7277fd7323792132') in 0.126876 seconds 
========================================================================
Received Import Request.
  Time since last request: 0.000059 seconds.
  path: Assets/Tiles/Landscape/Capture_85.asset
  artifactKey: Guid(986ac4bbdb3903642be5a3702ae5c5c7) Importer(815301076,1909f56bfc062723c751e8b465ee728b)
Start importing Assets/Tiles/Landscape/Capture_85.asset using Guid(986ac4bbdb3903642be5a3702ae5c5c7) Importer(815301076,1909f56bfc062723c751e8b465ee728b)  -> (artifact id: '93130c53fe011d7f39a9684d5c2ed9e2') in 0.062352 seconds 
========================================================================
Received Import Request.
  Time since last request: 0.000050 seconds.
  path: Assets/Tiles/Landscape/Capture_78.asset
  artifactKey: Guid(55cf9acd752cd384dacf6b1b5344e61a) Importer(815301076,1909f56bfc062723c751e8b465ee728b)
Start importing Assets/Tiles/Landscape/Capture_78.asset using Guid(55cf9acd752cd384dacf6b1b5344e61a) Importer(815301076,1909f56bfc062723c751e8b465ee728b)  -> (artifact id: 'e8eb70d73059f1f782719649318c9193') in 0.118148 seconds 
========================================================================
Received Import Request.
  Time since last request: 0.000037 seconds.
  path: Assets/Tiles/Landscape/Capture_72.asset
  artifactKey: Guid(70a965fc0039cb24c846d119b80eae1e) Importer(815301076,1909f56bfc062723c751e8b465ee728b)
Start importing Assets/Tiles/Landscape/Capture_72.asset using Guid(70a965fc0039cb24c846d119b80eae1e) Importer(815301076,1909f56bfc062723c751e8b465ee728b)  -> (artifact id: '57a5444bb4768ef13f1e6662af02eb80') in 0.099062 seconds 
========================================================================
Received Import Request.
  Time since last request: 0.000082 seconds.
  path: Assets/Tiles/Landscape/Capture_69.asset
  artifactKey: Guid(31fad673f3c967b479ca56e04c611c16) Importer(815301076,1909f56bfc062723c751e8b465ee728b)
Start importing Assets/Tiles/Landscape/Capture_69.asset using Guid(31fad673f3c967b479ca56e04c611c16) Importer(815301076,1909f56bfc062723c751e8b465ee728b)  -> (artifact id: 'e6708ab2c7a3fef328f97ee03cc4f6ce') in 0.119853 seconds 
========================================================================
Received Import Request.
  Time since last request: 61.292659 seconds.
  path: Assets/Animations
  artifactKey: Guid(f73fffb254f07634285631e76ac45fca) Importer(815301076,1909f56bfc062723c751e8b465ee728b)
Start importing Assets/Animations using Guid(f73fffb254f07634285631e76ac45fca) Importer(815301076,1909f56bfc062723c751e8b465ee728b)  -> (artifact id: 'f1ec63ea29ce803ffea75d37f3ba6b0e') in 0.009872 seconds 
========================================================================
Received Import Request.
  Time since last request: 60.765107 seconds.
  path: Assets/RandomMovement.cs
  artifactKey: Guid(ef10db527cb258b41b18dc05439289d1) Importer(815301076,1909f56bfc062723c751e8b465ee728b)
Start importing Assets/RandomMovement.cs using Guid(ef10db527cb258b41b18dc05439289d1) Importer(815301076,1909f56bfc062723c751e8b465ee728b)  -> (artifact id: '01240f36f60ab47cdf1e432c07c4f196') in 0.088762 seconds 
========================================================================
Received Import Request.
  Time since last request: 15.953225 seconds.
  path: Assets/Scripts
  artifactKey: Guid(7d8ea23f5b0f2054880bb7b70c56d4c9) Importer(815301076,1909f56bfc062723c751e8b465ee728b)
Start importing Assets/Scripts using Guid(7d8ea23f5b0f2054880bb7b70c56d4c9) Importer(815301076,1909f56bfc062723c751e8b465ee728b)  -> (artifact id: 'af04de0a844adda3f17a4fba0e0a27bf') in 0.009463 seconds 
========================================================================
Received Import Request.
  Time since last request: 26.289422 seconds.
  path: Assets/Scripts/CastleHandler.cs
  artifactKey: Guid(0fe6e4628ed98c0409a73af021b27e9d) Importer(815301076,1909f56bfc062723c751e8b465ee728b)
Start importing Assets/Scripts/CastleHandler.cs using Guid(0fe6e4628ed98c0409a73af021b27e9d) Importer(815301076,1909f56bfc062723c751e8b465ee728b)  -> (artifact id: 'bf45f44683f4475dea91fc2b417c53c7') in 0.024440 seconds 
